<?xml version="1.0" encoding="UTF-8"?>
<testsuite xmlns:xsi="http://www.w3.org/2001/XMLSchema-instance" xsi:noNamespaceSchemaLocation="https://maven.apache.org/surefire/maven-surefire-plugin/xsd/surefire-test-report-3.0.xsd" version="3.0" name="TestSuite" time="11.519" tests="1" errors="0" skipped="0" failures="1">
  <properties>
    <property name="sun.desktop" value="windows"/>
    <property name="awt.toolkit" value="sun.awt.windows.WToolkit"/>
    <property name="file.encoding.pkg" value="sun.io"/>
    <property name="java.specification.version" value="1.8"/>
    <property name="sun.cpu.isalist" value="amd64"/>
    <property name="sun.jnu.encoding" value="Cp1252"/>
    <property name="java.class.path" value="C:\git_clones\gootickets\target\test-classes;C:\git_clones\gootickets\target\classes;C:\Users\jebert\.m2\repository\org\seleniumhq\selenium\selenium-java\3.13.0\selenium-java-3.13.0.jar;C:\Users\jebert\.m2\repository\org\seleniumhq\selenium\selenium-api\3.13.0\selenium-api-3.13.0.jar;C:\Users\jebert\.m2\repository\org\seleniumhq\selenium\selenium-chrome-driver\3.13.0\selenium-chrome-driver-3.13.0.jar;C:\Users\jebert\.m2\repository\org\seleniumhq\selenium\selenium-edge-driver\3.13.0\selenium-edge-driver-3.13.0.jar;C:\Users\jebert\.m2\repository\org\seleniumhq\selenium\selenium-firefox-driver\3.13.0\selenium-firefox-driver-3.13.0.jar;C:\Users\jebert\.m2\repository\org\seleniumhq\selenium\selenium-ie-driver\3.13.0\selenium-ie-driver-3.13.0.jar;C:\Users\jebert\.m2\repository\org\seleniumhq\selenium\selenium-opera-driver\3.13.0\selenium-opera-driver-3.13.0.jar;C:\Users\jebert\.m2\repository\org\seleniumhq\selenium\selenium-remote-driver\3.13.0\selenium-remote-driver-3.13.0.jar;C:\Users\jebert\.m2\repository\org\seleniumhq\selenium\selenium-safari-driver\3.13.0\selenium-safari-driver-3.13.0.jar;C:\Users\jebert\.m2\repository\org\seleniumhq\selenium\selenium-support\3.13.0\selenium-support-3.13.0.jar;C:\Users\jebert\.m2\repository\net\bytebuddy\byte-buddy\1.8.3\byte-buddy-1.8.3.jar;C:\Users\jebert\.m2\repository\org\apache\commons\commons-exec\1.3\commons-exec-1.3.jar;C:\Users\jebert\.m2\repository\commons-codec\commons-codec\1.10\commons-codec-1.10.jar;C:\Users\jebert\.m2\repository\commons-logging\commons-logging\1.2\commons-logging-1.2.jar;C:\Users\jebert\.m2\repository\com\google\code\gson\gson\2.8.4\gson-2.8.4.jar;C:\Users\jebert\.m2\repository\com\google\guava\guava\25.0-jre\guava-25.0-jre.jar;C:\Users\jebert\.m2\repository\com\google\code\findbugs\jsr305\1.3.9\jsr305-1.3.9.jar;C:\Users\jebert\.m2\repository\org\checkerframework\checker-compat-qual\2.0.0\checker-compat-qual-2.0.0.jar;C:\Users\jebert\.m2\repository\com\google\errorprone\error_prone_annotations\2.1.3\error_prone_annotations-2.1.3.jar;C:\Users\jebert\.m2\repository\com\google\j2objc\j2objc-annotations\1.1\j2objc-annotations-1.1.jar;C:\Users\jebert\.m2\repository\org\codehaus\mojo\animal-sniffer-annotations\1.14\animal-sniffer-annotations-1.14.jar;C:\Users\jebert\.m2\repository\org\apache\httpcomponents\httpclient\4.5.5\httpclient-4.5.5.jar;C:\Users\jebert\.m2\repository\org\apache\httpcomponents\httpcore\4.4.9\httpcore-4.4.9.jar;C:\Users\jebert\.m2\repository\com\squareup\okhttp3\okhttp\3.10.0\okhttp-3.10.0.jar;C:\Users\jebert\.m2\repository\com\squareup\okio\okio\1.14.1\okio-1.14.1.jar;C:\Users\jebert\.m2\repository\org\testng\testng\7.0.0-beta7\testng-7.0.0-beta7.jar;C:\Users\jebert\.m2\repository\com\beust\jcommander\1.72\jcommander-1.72.jar;C:\Users\jebert\.m2\repository\com\google\inject\guice\4.1.0\guice-4.1.0-no_aop.jar;C:\Users\jebert\.m2\repository\javax\inject\javax.inject\1\javax.inject-1.jar;C:\Users\jebert\.m2\repository\aopalliance\aopalliance\1.0\aopalliance-1.0.jar;"/>
    <property name="java.vm.vendor" value="Oracle Corporation"/>
    <property name="sun.arch.data.model" value="64"/>
    <property name="user.variant" value=""/>
    <property name="java.vendor.url" value="http://java.oracle.com/"/>
    <property name="user.timezone" value="Europe/Paris"/>
    <property name="java.vm.specification.version" value="1.8"/>
    <property name="os.name" value="Windows 10"/>
    <property name="user.country" value="IE"/>
    <property name="sun.java.launcher" value="SUN_STANDARD"/>
    <property name="sun.boot.library.path" value="C:\Program Files\Java\jdk1.8.0_181\jre\bin"/>
    <property name="sun.java.command" value="C:\Users\jebert\AppData\Local\Temp\surefire2869745134340986001\surefirebooter5789972522745688612.jar C:\Users\jebert\AppData\Local\Temp\surefire2869745134340986001 2020-03-12T17-19-28_775-jvmRun1 surefire3417938358780872850tmp surefire_01202008964391478804tmp"/>
    <property name="surefire.test.class.path" value="C:\git_clones\gootickets\target\test-classes;C:\git_clones\gootickets\target\classes;C:\Users\jebert\.m2\repository\org\seleniumhq\selenium\selenium-java\3.13.0\selenium-java-3.13.0.jar;C:\Users\jebert\.m2\repository\org\seleniumhq\selenium\selenium-api\3.13.0\selenium-api-3.13.0.jar;C:\Users\jebert\.m2\repository\org\seleniumhq\selenium\selenium-chrome-driver\3.13.0\selenium-chrome-driver-3.13.0.jar;C:\Users\jebert\.m2\repository\org\seleniumhq\selenium\selenium-edge-driver\3.13.0\selenium-edge-driver-3.13.0.jar;C:\Users\jebert\.m2\repository\org\seleniumhq\selenium\selenium-firefox-driver\3.13.0\selenium-firefox-driver-3.13.0.jar;C:\Users\jebert\.m2\repository\org\seleniumhq\selenium\selenium-ie-driver\3.13.0\selenium-ie-driver-3.13.0.jar;C:\Users\jebert\.m2\repository\org\seleniumhq\selenium\selenium-opera-driver\3.13.0\selenium-opera-driver-3.13.0.jar;C:\Users\jebert\.m2\repository\org\seleniumhq\selenium\selenium-remote-driver\3.13.0\selenium-remote-driver-3.13.0.jar;C:\Users\jebert\.m2\repository\org\seleniumhq\selenium\selenium-safari-driver\3.13.0\selenium-safari-driver-3.13.0.jar;C:\Users\jebert\.m2\repository\org\seleniumhq\selenium\selenium-support\3.13.0\selenium-support-3.13.0.jar;C:\Users\jebert\.m2\repository\net\bytebuddy\byte-buddy\1.8.3\byte-buddy-1.8.3.jar;C:\Users\jebert\.m2\repository\org\apache\commons\commons-exec\1.3\commons-exec-1.3.jar;C:\Users\jebert\.m2\repository\commons-codec\commons-codec\1.10\commons-codec-1.10.jar;C:\Users\jebert\.m2\repository\commons-logging\commons-logging\1.2\commons-logging-1.2.jar;C:\Users\jebert\.m2\repository\com\google\code\gson\gson\2.8.4\gson-2.8.4.jar;C:\Users\jebert\.m2\repository\com\google\guava\guava\25.0-jre\guava-25.0-jre.jar;C:\Users\jebert\.m2\repository\com\google\code\findbugs\jsr305\1.3.9\jsr305-1.3.9.jar;C:\Users\jebert\.m2\repository\org\checkerframework\checker-compat-qual\2.0.0\checker-compat-qual-2.0.0.jar;C:\Users\jebert\.m2\repository\com\google\errorprone\error_prone_annotations\2.1.3\error_prone_annotations-2.1.3.jar;C:\Users\jebert\.m2\repository\com\google\j2objc\j2objc-annotations\1.1\j2objc-annotations-1.1.jar;C:\Users\jebert\.m2\repository\org\codehaus\mojo\animal-sniffer-annotations\1.14\animal-sniffer-annotations-1.14.jar;C:\Users\jebert\.m2\repository\org\apache\httpcomponents\httpclient\4.5.5\httpclient-4.5.5.jar;C:\Users\jebert\.m2\repository\org\apache\httpcomponents\httpcore\4.4.9\httpcore-4.4.9.jar;C:\Users\jebert\.m2\repository\com\squareup\okhttp3\okhttp\3.10.0\okhttp-3.10.0.jar;C:\Users\jebert\.m2\repository\com\squareup\okio\okio\1.14.1\okio-1.14.1.jar;C:\Users\jebert\.m2\repository\org\testng\testng\7.0.0-beta7\testng-7.0.0-beta7.jar;C:\Users\jebert\.m2\repository\com\beust\jcommander\1.72\jcommander-1.72.jar;C:\Users\jebert\.m2\repository\com\google\inject\guice\4.1.0\guice-4.1.0-no_aop.jar;C:\Users\jebert\.m2\repository\javax\inject\javax.inject\1\javax.inject-1.jar;C:\Users\jebert\.m2\repository\aopalliance\aopalliance\1.0\aopalliance-1.0.jar;"/>
    <property name="sun.cpu.endian" value="little"/>
    <property name="user.home" value="C:\Users\jebert"/>
    <property name="user.language" value="en"/>
    <property name="java.specification.vendor" value="Oracle Corporation"/>
    <property name="java.home" value="C:\Program Files\Java\jdk1.8.0_181\jre"/>
    <property name="basedir" value="C:\git_clones\gootickets"/>
    <property name="file.separator" value="\"/>
    <property name="line.separator" value="&#10;"/>
    <property name="java.vm.specification.vendor" value="Oracle Corporation"/>
    <property name="java.specification.name" value="Java Platform API Specification"/>
    <property name="java.awt.graphicsenv" value="sun.awt.Win32GraphicsEnvironment"/>
    <property name="surefire.real.class.path" value="C:\Users\jebert\AppData\Local\Temp\surefire2869745134340986001\surefirebooter5789972522745688612.jar"/>
    <property name="sun.boot.class.path" value="C:\Program Files\Java\jdk1.8.0_181\jre\lib\resources.jar;C:\Program Files\Java\jdk1.8.0_181\jre\lib\rt.jar;C:\Program Files\Java\jdk1.8.0_181\jre\lib\sunrsasign.jar;C:\Program Files\Java\jdk1.8.0_181\jre\lib\jsse.jar;C:\Program Files\Java\jdk1.8.0_181\jre\lib\jce.jar;C:\Program Files\Java\jdk1.8.0_181\jre\lib\charsets.jar;C:\Program Files\Java\jdk1.8.0_181\jre\lib\jfr.jar;C:\Program Files\Java\jdk1.8.0_181\jre\classes"/>
    <property name="user.script" value=""/>
    <property name="sun.management.compiler" value="HotSpot 64-Bit Tiered Compilers"/>
    <property name="java.runtime.version" value="1.8.0_181-b13"/>
    <property name="user.name" value="jebert"/>
    <property name="path.separator" value=";"/>
    <property name="os.version" value="10.0"/>
    <property name="java.endorsed.dirs" value="C:\Program Files\Java\jdk1.8.0_181\jre\lib\endorsed"/>
    <property name="java.runtime.name" value="Java(TM) SE Runtime Environment"/>
    <property name="file.encoding" value="Cp1252"/>
    <property name="java.vm.name" value="Java HotSpot(TM) 64-Bit Server VM"/>
    <property name="localRepository" value="C:\Users\jebert\.m2\repository"/>
    <property name="java.vendor.url.bug" value="http://bugreport.sun.com/bugreport/"/>
    <property name="java.io.tmpdir" value="C:\Users\jebert\AppData\Local\Temp\"/>
    <property name="java.version" value="1.8.0_181"/>
    <property name="user.dir" value="C:\git_clones\gootickets"/>
    <property name="os.arch" value="amd64"/>
    <property name="java.vm.specification.name" value="Java Virtual Machine Specification"/>
    <property name="java.awt.printerjob" value="sun.awt.windows.WPrinterJob"/>
    <property name="sun.os.patch.level" value=""/>
    <property name="java.library.path" value="C:\Program Files\Java\jdk1.8.0_181\jre\bin;C:\WINDOWS\Sun\Java\bin;C:\WINDOWS\system32;C:\WINDOWS;C:\Users\jebert\bin;C:\Program Files\Git\mingw64\bin;C:\Program Files\Git\usr\local\bin;C:\Program Files\Git\usr\bin;C:\Program Files\Git\usr\bin;C:\Program Files\Git\mingw64\bin;C:\Program Files\Git\usr\bin;C:\Users\jebert\bin;C:\Program Files (x86)\Common Files\Oracle\Java\javapath;C:\Program Files (x86)\Intel\Intel(R) Management Engine Components\iCLS;C:\Program Files\Intel\Intel(R) Management Engine Components\iCLS;C:\windows\system32;C:\windows;C:\windows\System32\Wbem;C:\windows\System32\WindowsPowerShell\v1.0;C:\Program Files (x86)\Intel\Intel(R) Management Engine Components\DAL;C:\Program Files\Intel\Intel(R) Management Engine Components\DAL;C:\Program Files (x86)\Intel\Intel(R) Management Engine Components\IPT;C:\Program Files\Intel\Intel(R) Management Engine Components\IPT;C:\Program Files\Intel\WiFi\bin;C:\Program Files\Common Files\Intel\WirelessCommon;C:\Program Files (x86)\NVIDIA Corporation\PhysX\Common;C:\Program Files (x86)\Sennheiser\SoftphoneSDK;C:\Program Files (x86)\Box\Box Edit;C:\Program Files\Git\cmd;C:\Program Files (x86)\WebEx\PTools020000000;C:\Program Files (x86)\Microsoft SQL Server\110\Tools\Binn\ManagementStudio;C:\Program Files (x86)\Microsoft SQL Server\110\Tools\Binn;C:\Program Files\Microsoft SQL Server\110\Tools\Binn;C:\Program Files (x86)\Microsoft SQL Server\110\DTS\Binn;C:\Program Files\cwRsync_5.7.1_x86_Free\bin;C:\ProgramData\chocolatey\bin;C:\Program Files\Oracle\Virtualbox;C:\Program Files (x86)\Yarn\bin;C:\Program Files\TortoiseGit\bin;C:\Program Files (x86)\Webex\Webex\Applications;C:\HashiCorp\Vagrant\bin;C:\WINDOWS\system32;C:\WINDOWS;C:\WINDOWS\System32\Wbem;C:\WINDOWS\System32\WindowsPowerShell\v1.0;C:\WINDOWS\System32\OpenSSH;C:\Program Files\nodejs;C:\oc;C:\Users\jebert\AppData\Local\Microsoft\WindowsApps;C:\Program Files\Java\apache-maven-3.5.4\bin;C:\Program Files\nodejs;C:\Program Files\Java\jre1.8.0_211\bin;C:\HashiCorp\Vagrant\bin;C:\Users\jebert\praxis\bin;C:\Users\jebert\AppData\Local\Yarn\bin;C:\Users\jebert\AppData\Local\Microsoft\WindowsApps;C:\oc\oc.exe;C:\Users\jebert\AppData\Local\Programs\Microsoft VS Code\bin;C:\Users\jebert\AppData\Roaming\npm;C:\Program Files\Git\usr\bin\vendor_perl;C:\Program Files\Git\usr\bin\core_perl;."/>
    <property name="java.vm.info" value="mixed mode"/>
    <property name="java.vendor" value="Oracle Corporation"/>
    <property name="java.vm.version" value="25.181-b13"/>
    <property name="java.ext.dirs" value="C:\Program Files\Java\jdk1.8.0_181\jre\lib\ext;C:\WINDOWS\Sun\Java\lib\ext"/>
    <property name="sun.io.unicode.encoding" value="UnicodeLittle"/>
    <property name="java.class.version" value="52.0"/>
  </properties>
  <testcase name="accessWebSiteAndSignUp" classname="tests.gooticketsTests" time="6.666">
    <failure type="java.lang.IllegalMonitorStateException">java.lang.IllegalMonitorStateException
	at tests.gooticketsTests.accessWebSiteAndSignUp(gooticketsTests.java:62)
</failure>
    <system-out><![CDATA[...
... TestNG 7.0.0-beta7 by CÃ©dric Beust (cedric@beust.com)
...

]]></system-out>
    <system-err><![CDATA[1584029971616	mozrunner::runner	INFO	Running command: "C:\\Program Files\\Mozilla Firefox\\firefox.exe" "-marionette" "-foreground" "-no-remote" "-profile" "C:\\Users\\jebert\\AppData\\Local\\Temp\\rust_mozprofilej5a8Vg"
1584029972029	addons.webextension.doh-rollout@mozilla.org	WARN	Loading extension 'doh-rollout@mozilla.org': Reading manifest: Invalid extension permission: networkStatus
1584029972193	addons.webextension.screenshots@mozilla.org	WARN	Loading extension 'screenshots@mozilla.org': Reading manifest: Invalid extension permission: mozillaAddons
1584029972193	addons.webextension.screenshots@mozilla.org	WARN	Loading extension 'screenshots@mozilla.org': Reading manifest: Invalid extension permission: telemetry
1584029972193	addons.webextension.screenshots@mozilla.org	WARN	Loading extension 'screenshots@mozilla.org': Reading manifest: Invalid extension permission: resource://pdf.js/
1584029972193	addons.webextension.screenshots@mozilla.org	WARN	Loading extension 'screenshots@mozilla.org': Reading manifest: Invalid extension permission: about:reader*
JavaScript error: resource://gre/modules/XULStore.jsm, line 66: Error: Can't find profile directory.
1584029974215	Marionette	INFO	Listening on port 58554
1584029974364	Marionette	WARN	TLS certificate errors will be ignored for this session
Mar 12, 2020 5:19:34 PM org.openqa.selenium.remote.ProtocolHandshake createSession
INFO: Detected dialect: W3C
JavaScript error: https://www.gootickets.com/js/vendorjs/angular/angular.min.js?version=7.26.22, line 1: Error: [$injector:modulerr] http://errors.angularjs.org/1.6.10/$injector/modulerr?p0=gooVenue&p1=%5B%24injector%3Amodulerr%5D%20http%3A%2F%2Ferrors.angularjs.org%2F1.6.10%2F%24injector%2Fmodulerr%3Fp0%3Dmgcrea.ngStrap%26p1%3D%255B%2524injector%253Anomod%255D%2520http%253A%252F%252Ferrors.angularjs.org%252F1.6.10%252F%2524injector%252Fnomod%253Fp0%253Dmgcrea.ngStrap%250Ar%252F%253C%2540https%253A%252F%252Fwww.gootickets.com%252Fjs%252Fvendorjs%252Fangular%252Fangular.min.js%253Fversion%253D7.26.22%253A1%253A554%250Aht%252F%253C%252F%253C%252F%253C%2540https%253A%252F%252Fwww.gootickets.com%252Fjs%252Fvendorjs%252Fangular%252Fangular.min.js%253Fversion%253D7.26.22%253A1%253A10113%250Ae%2540https%253A%252F%252Fwww.gootickets.com%252Fjs%252Fvendorjs%252Fangular%252Fangular.min.js%253Fversion%253D7.26.22%253A1%253A9635%250Aht%252F%253C%252F%253C%2540https%253A%252F%252Fwww.gootickets.com%252Fjs%252Fvendorjs%252Fangular%252Fangular.min.js%253Fversion%253D7.26.22%253A1%253A9887%250Au%252F%253C%2540https%253A%252F%252Fwww.gootickets.com%252Fjs%252Fvendorjs%252Fangular%252Fangular.min.js%253Fversion%253D7.26.22%253A1%253A16359%250Ao%2540https%253A%252F%252Fwww.gootickets.com%252Fjs%252Fvendorjs%252Fangular%252Fangular.min.js%253Fversion%253D7.26.22%253A1%253A986%250Au%2540https%253A%252F%252Fwww.gootickets.com%252Fjs%252Fvendorjs%252Fangular%252Fangular.min.js%253Fversion%253D7.26.22%253A1%253A16208%250Au%252F%253C%2540https%253A%252F%252Fwww.gootickets.com%252Fjs%252Fvendorjs%252Fangular%252Fangular.min.js%253Fversion%253D7.26.22%253A1%253A16391%250Ao%2540https%253A%252F%252Fwww.gootickets.com%252Fjs%252Fvendorjs%252Fangular%252Fangular.min.js%253Fversion%253D7.26.22%253A1%253A986%250Au%2540https%253A%252F%252Fwww.gootickets.com%252Fjs%252Fvendorjs%252Fangular%252Fangular.min.js%253Fversion%253D7.26.22%253A1%253A16208%250Azt%2540https%253A%252F%252Fwww.gootickets.com%252Fjs%252Fvendorjs%252Fangular%252Fangular.min.js%253Fversion%253D7.26.22%253A1%253A18336%250Ai%2540https%253A%252F%252Fwww.gootickets.com%252Fjs%252Fvendorjs%252Fangular%252Fangular.min.js%253Fversion%253D7.26.22%253A1%253A8095%250Aet%2540https%253A%252F%252Fwww.gootickets.com%252Fjs%252Fvendorjs%252Fangular%252Fangular.min.js%253Fversion%253D7.26.22%253A1%253A8400%250Att%2540https%253A%252F%252Fwww.gootickets.com%252Fjs%252Fvendorjs%252Fangular%252Fangular.min.js%253Fversion%253D7.26.22%253A1%253A7557%250A%2540https%253A%252F%252Fwww.gootickets.com%252Fjs%252Fvendorjs%252Fangular%252Fangular.min.js%253Fversion%253D7.26.22%253A1%253A168919%250Ac%2540https%253A%252F%252Fwww.gootickets.com%252Fjs%252Fvendorjs%252Fjquery%252Fdist%252Fjquery.min.js%253A1%253A36451%250AfireWith%2540https%253A%252F%252Fwww.gootickets.com%252Fjs%252Fvendorjs%252Fjquery%252Fdist%252Fjquery.min.js%253A1%253A37263%250Aready%2540https%253A%252F%252Fwww.gootickets.com%252Fjs%252Fvendorjs%252Fjquery%252Fdist%252Fjquery.min.js%253A1%253A39123%250As%2540https%253A%252F%252Fwww.gootickets.com%252Fjs%252Fvendorjs%252Fjquery%252Fdist%252Fjquery.min.js%253A1%253A1164%250A%0Ar%2F%3C%40https%3A%2F%2Fwww.gootickets.com%2Fjs%2Fvendorjs%2Fangular%2Fangular.min.js%3Fversion%3D7.26.22%3A1%3A554%0Au%2F%3C%40https%3A%2F%2Fwww.gootickets.com%2Fjs%2Fvendorjs%2Fangular%2Fangular.min.js%3Fversion%3D7.26.22%3A1%3A16651%0Ao%40https%3A%2F%2Fwww.gootickets.com%2Fjs%2Fvendorjs%2Fangular%2Fangular.min.js%3Fversion%3D7.26.22%3A1%3A986%0Au%40https%3A%2F%2Fwww.gootickets.com%2Fjs%2Fvendorjs%2Fangular%2Fangular.min.js%3Fversion%3D7.26.22%3A1%3A16208%0Au%2F%3C%40https%3A%2F%2Fwww.gootickets.com%2Fjs%2Fvendorjs%2Fangular%2Fangular.min.js%3Fversion%3D7.26.22%3A1%3A16391%0Ao%40https%3A%2F%2Fwww.gootickets.com%2Fjs%2Fvendorjs%2Fangular%2Fangular.min.js%3Fversion%3D7.26.22%3A1%3A986%0Au%40https%3A%2F%2Fwww.gootickets.com%2Fjs%2Fvendorjs%2Fangular%2Fangular.min.js%3Fversion%3D7.26.22%3A1%3A16208%0Azt%40https%3A%2F%2Fwww.gootickets.com%2Fjs%2Fvendorjs%2Fangular%2Fangular.min.js%3Fversion%3D7.26.22%3A1%3A18336%0Ai%40https%3A%2F%2Fwww.gootickets.com%2Fjs%2Fvendorjs%2Fangular%2Fangular.min.js%3Fversion%3D7.26.22%3A1%3A8095%0Aet%40https%3A%2F%2Fwww.gootickets.com%2Fjs%2Fvendorjs%2Fangular%2Fangular.min.js%3Fversion%3D7.26.22%3A1%3A8400%0Att%40https%3A%2F%2Fwww.gootickets.com%2Fjs%2Fvendorjs%2Fangular%2Fangular.min.js%3Fversion%3D7.26.22%3A1%3A7557%0A%40https%3A%2F%2Fwww.gootickets.com%2Fjs%2Fvendorjs%2Fangular%2Fangular.min.js%3Fversion%3D7.26.22%3A1%3A168919%0Ac%40https%3A%2F%2Fwww.gootickets.com%2Fjs%2Fvendorjs%2Fjquery%2Fdist%2Fjquery.min.js%3A1%3A36451%0AfireWith%40https%3A%2F%2Fwww.gootickets.com%2Fjs%2Fvendorjs%2Fjquery%2Fdist%2Fjquery.min.js%3A1%3A37263%0Aready%40https%3A%2F%2Fwww.gootickets.com%2Fjs%2Fvendorjs%2Fjquery%2Fdist%2Fjquery.min.js%3A1%3A39123%0As%40https%3A%2F%2Fwww.gootickets.com%2Fjs%2Fvendorjs%2Fjquery%2Fdist%2Fjquery.min.js%3A1%3A1164%0A
]]></system-err>
  </testcase>
</testsuite>